Determining if the pthread_create exist failed with the following output:
Change Dir: /home/cedric/Learning_Cuda/Udemy_course/Chapter1/build/CMakeFiles/CMakeTmp

Run Build Command:"/usr/bin/make" "cmTC_aeed8/fast"
/usr/bin/make -f CMakeFiles/cmTC_aeed8.dir/build.make CMakeFiles/cmTC_aeed8.dir/build
make[1]: Entering directory '/home/cedric/Learning_Cuda/Udemy_course/Chapter1/build/CMakeFiles/CMakeTmp'
Building C object CMakeFiles/cmTC_aeed8.dir/CheckSymbolExists.c.o
/usr/bin/cc   -fPIC    -o CMakeFiles/cmTC_aeed8.dir/CheckSymbolExists.c.o   -c /home/cedric/Learning_Cuda/Udemy_course/Chapter1/build/CMakeFiles/CMakeTmp/CheckSymbolExists.c
Linking C executable cmTC_aeed8
/usr/bin/cmake -E cmake_link_script CMakeFiles/cmTC_aeed8.dir/link.txt --verbose=1
/usr/bin/cc -fPIC     -rdynamic CMakeFiles/cmTC_aeed8.dir/CheckSymbolExists.c.o  -o cmTC_aeed8 
CMakeFiles/cmTC_aeed8.dir/CheckSymbolExists.c.o: In function `main':
CheckSymbolExists.c:(.text+0x1b): undefined reference to `pthread_create'
collect2: error: ld returned 1 exit status
CMakeFiles/cmTC_aeed8.dir/build.make:97: recipe for target 'cmTC_aeed8' failed
make[1]: *** [cmTC_aeed8] Error 1
make[1]: Leaving directory '/home/cedric/Learning_Cuda/Udemy_course/Chapter1/build/CMakeFiles/CMakeTmp'
Makefile:126: recipe for target 'cmTC_aeed8/fast' failed
make: *** [cmTC_aeed8/fast] Error 2

File /home/cedric/Learning_Cuda/Udemy_course/Chapter1/build/CMakeFiles/CMakeTmp/CheckSymbolExists.c:
/* */
#include <pthread.h>

int main(int argc, char** argv)
{
  (void)argv;
#ifndef pthread_create
  return ((int*)(&pthread_create))[argc];
#else
  (void)argc;
  return 0;
#endif
}

Determining if the function pthread_create exists in the pthreads failed with the following output:
Change Dir: /home/cedric/Learning_Cuda/Udemy_course/Chapter1/build/CMakeFiles/CMakeTmp

Run Build Command:"/usr/bin/make" "cmTC_c048a/fast"
/usr/bin/make -f CMakeFiles/cmTC_c048a.dir/build.make CMakeFiles/cmTC_c048a.dir/build
make[1]: Entering directory '/home/cedric/Learning_Cuda/Udemy_course/Chapter1/build/CMakeFiles/CMakeTmp'
Building C object CMakeFiles/cmTC_c048a.dir/CheckFunctionExists.c.o
/usr/bin/cc   -fPIC -DCHECK_FUNCTION_EXISTS=pthread_create   -o CMakeFiles/cmTC_c048a.dir/CheckFunctionExists.c.o   -c /usr/share/cmake-3.10/Modules/CheckFunctionExists.c
Linking C executable cmTC_c048a
/usr/bin/cmake -E cmake_link_script CMakeFiles/cmTC_c048a.dir/link.txt --verbose=1
/usr/bin/cc -fPIC -DCHECK_FUNCTION_EXISTS=pthread_create    -rdynamic CMakeFiles/cmTC_c048a.dir/CheckFunctionExists.c.o  -o cmTC_c048a -lpthreads 
/usr/bin/ld: cannot find -lpthreads
collect2: error: ld returned 1 exit status
CMakeFiles/cmTC_c048a.dir/build.make:97: recipe for target 'cmTC_c048a' failed
make[1]: *** [cmTC_c048a] Error 1
make[1]: Leaving directory '/home/cedric/Learning_Cuda/Udemy_course/Chapter1/build/CMakeFiles/CMakeTmp'
Makefile:126: recipe for target 'cmTC_c048a/fast' failed
make: *** [cmTC_c048a/fast] Error 2


