Determining if the pthread_create exist failed with the following output:
Change Dir: /home/cedric/Learning_Cuda/build/CMakeFiles/CMakeTmp

Run Build Command:"/usr/bin/make" "cmTC_0285e/fast"
/usr/bin/make -f CMakeFiles/cmTC_0285e.dir/build.make CMakeFiles/cmTC_0285e.dir/build
make[1]: Entering directory '/home/cedric/Learning_Cuda/build/CMakeFiles/CMakeTmp'
Building C object CMakeFiles/cmTC_0285e.dir/CheckSymbolExists.c.o
/usr/bin/clang   -fPIC    -o CMakeFiles/cmTC_0285e.dir/CheckSymbolExists.c.o   -c /home/cedric/Learning_Cuda/build/CMakeFiles/CMakeTmp/CheckSymbolExists.c
Linking C executable cmTC_0285e
/usr/bin/cmake -E cmake_link_script CMakeFiles/cmTC_0285e.dir/link.txt --verbose=1
/usr/bin/clang -fPIC     -rdynamic CMakeFiles/cmTC_0285e.dir/CheckSymbolExists.c.o  -o cmTC_0285e 
CMakeFiles/cmTC_0285e.dir/CheckSymbolExists.c.o: In function `main':
CheckSymbolExists.c:(.text+0x7): undefined reference to `pthread_create'
clang: error: linker command failed with exit code 1 (use -v to see invocation)
CMakeFiles/cmTC_0285e.dir/build.make:97: recipe for target 'cmTC_0285e' failed
make[1]: *** [cmTC_0285e] Error 1
make[1]: Leaving directory '/home/cedric/Learning_Cuda/build/CMakeFiles/CMakeTmp'
Makefile:126: recipe for target 'cmTC_0285e/fast' failed
make: *** [cmTC_0285e/fast] Error 2

File /home/cedric/Learning_Cuda/build/CMakeFiles/CMakeTmp/CheckSymbolExists.c:
/* */
#include <pthread.h>

int main(int argc, char** argv)
{
  (void)argv;
#ifndef pthread_create
  return ((int*)(&pthread_create))[argc];
#else
  (void)argc;
  return 0;
#endif
}

Determining if the function pthread_create exists in the pthreads failed with the following output:
Change Dir: /home/cedric/Learning_Cuda/build/CMakeFiles/CMakeTmp

Run Build Command:"/usr/bin/make" "cmTC_a880f/fast"
/usr/bin/make -f CMakeFiles/cmTC_a880f.dir/build.make CMakeFiles/cmTC_a880f.dir/build
make[1]: Entering directory '/home/cedric/Learning_Cuda/build/CMakeFiles/CMakeTmp'
Building C object CMakeFiles/cmTC_a880f.dir/CheckFunctionExists.c.o
/usr/bin/clang   -fPIC -DCHECK_FUNCTION_EXISTS=pthread_create   -o CMakeFiles/cmTC_a880f.dir/CheckFunctionExists.c.o   -c /usr/share/cmake-3.10/Modules/CheckFunctionExists.c
Linking C executable cmTC_a880f
/usr/bin/cmake -E cmake_link_script CMakeFiles/cmTC_a880f.dir/link.txt --verbose=1
/usr/bin/clang -fPIC -DCHECK_FUNCTION_EXISTS=pthread_create    -rdynamic CMakeFiles/cmTC_a880f.dir/CheckFunctionExists.c.o  -o cmTC_a880f -lpthreads 
/usr/bin/ld: cannot find -lpthreads
clang: error: linker command failed with exit code 1 (use -v to see invocation)
CMakeFiles/cmTC_a880f.dir/build.make:97: recipe for target 'cmTC_a880f' failed
make[1]: *** [cmTC_a880f] Error 1
make[1]: Leaving directory '/home/cedric/Learning_Cuda/build/CMakeFiles/CMakeTmp'
Makefile:126: recipe for target 'cmTC_a880f/fast' failed
make: *** [cmTC_a880f/fast] Error 2


